<?xml version="1.0" encoding="UTF-8"?>
<coverage generated="1733751377408" clover="3.2.0">
  <project timestamp="1733751377409" name="All files">
    <metrics statements="21" coveredstatements="1" conditionals="17" coveredconditionals="0" methods="5" coveredmethods="0" elements="43" coveredelements="1" complexity="0" loc="21" ncloc="21" packages="1" files="2" classes="2"/>
    <file name="UserStatistics.js" path="C:\Users\Odafe\Desktop\tests\src\UserStatistics.js">
      <metrics statements="20" coveredstatements="0" conditionals="17" coveredconditionals="0" methods="5" coveredmethods="0"/>
      <line num="3" count="0" type="stmt"/>
      <line num="9" count="0" type="cond" truecount="0" falsecount="2"/>
      <line num="10" count="0" type="stmt"/>
      <line num="12" count="0" type="cond" truecount="0" falsecount="2"/>
      <line num="13" count="0" type="stmt"/>
      <line num="17" count="0" type="cond" truecount="0" falsecount="2"/>
      <line num="18" count="0" type="stmt"/>
      <line num="20" count="0" type="cond" truecount="0" falsecount="2"/>
      <line num="21" count="0" type="stmt"/>
      <line num="23" count="0" type="cond" truecount="0" falsecount="2"/>
      <line num="24" count="0" type="stmt"/>
      <line num="28" count="0" type="cond" truecount="0" falsecount="2"/>
      <line num="29" count="0" type="stmt"/>
      <line num="33" count="0" type="cond" truecount="0" falsecount="2"/>
      <line num="34" count="0" type="stmt"/>
      <line num="38" count="0" type="stmt"/>
      <line num="44" count="0" type="cond" truecount="0" falsecount="2"/>
      <line num="50" count="0" type="stmt"/>
      <line num="53" count="0" type="stmt"/>
      <line num="57" count="0" type="stmt"/>
    </file>
    <file name="index.js" path="C:\Users\Odafe\Desktop\tests\src\index.js">
      <metrics statements="1" coveredstatements="1" conditionals="0" coveredconditionals="0" methods="0" coveredmethods="0"/>
      <line num="1" count="1" type="stmt"/>
    </file>
  </project>
</coverage>
