{"C:\\Users\\Odafe\\Desktop\\tests\\src\\UserStatistics.js": {"path":"C:\\Users\\Odafe\\Desktop\\tests\\src\\UserStatistics.js","statementMap":{"0":{"start":{"line":3,"column":6},"end":{"line":3,"column":26}},"1":{"start":{"line":9,"column":6},"end":{"line":11,"column":7}},"2":{"start":{"line":10,"column":8},"end":{"line":10,"column":46}},"3":{"start":{"line":12,"column":6},"end":{"line":14,"column":7}},"4":{"start":{"line":13,"column":8},"end":{"line":13,"column":51}},"5":{"start":{"line":17,"column":6},"end":{"line":19,"column":7}},"6":{"start":{"line":18,"column":8},"end":{"line":18,"column":44}},"7":{"start":{"line":20,"column":6},"end":{"line":22,"column":7}},"8":{"start":{"line":21,"column":8},"end":{"line":21,"column":49}},"9":{"start":{"line":23,"column":6},"end":{"line":25,"column":7}},"10":{"start":{"line":24,"column":8},"end":{"line":24,"column":58}},"11":{"start":{"line":28,"column":6},"end":{"line":30,"column":7}},"12":{"start":{"line":29,"column":8},"end":{"line":29,"column":36}},"13":{"start":{"line":33,"column":6},"end":{"line":35,"column":7}},"14":{"start":{"line":34,"column":8},"end":{"line":34,"column":41}},"15":{"start":{"line":38,"column":6},"end":{"line":38,"column":44}},"16":{"start":{"line":44,"column":6},"end":{"line":44,"column":42}},"17":{"start":{"line":50,"column":24},"end":{"line":50,"column":49}},"18":{"start":{"line":53,"column":6},"end":{"line":53,"column":81}},"19":{"start":{"line":53,"column":63},"end":{"line":53,"column":76}},"20":{"start":{"line":57,"column":2},"end":{"line":57,"column":34}}},"fnMap":{"0":{"name":"(anonymous_0)","decl":{"start":{"line":2,"column":4},"end":{"line":2,"column":5}},"loc":{"start":{"line":2,"column":18},"end":{"line":4,"column":5}},"line":2},"1":{"name":"(anonymous_1)","decl":{"start":{"line":7,"column":4},"end":{"line":7,"column":5}},"loc":{"start":{"line":7,"column":44},"end":{"line":39,"column":5}},"line":7},"2":{"name":"(anonymous_2)","decl":{"start":{"line":42,"column":4},"end":{"line":42,"column":5}},"loc":{"start":{"line":42,"column":25},"end":{"line":45,"column":5}},"line":42},"3":{"name":"(anonymous_3)","decl":{"start":{"line":48,"column":4},"end":{"line":48,"column":5}},"loc":{"start":{"line":48,"column":30},"end":{"line":54,"column":5}},"line":48},"4":{"name":"(anonymous_4)","decl":{"start":{"line":53,"column":45},"end":{"line":53,"column":46}},"loc":{"start":{"line":53,"column":63},"end":{"line":53,"column":76}},"line":53}},"branchMap":{"0":{"loc":{"start":{"line":7,"column":33},"end":{"line":7,"column":42}},"type":"default-arg","locations":[{"start":{"line":7,"column":41},"end":{"line":7,"column":42}}],"line":7},"1":{"loc":{"start":{"line":9,"column":6},"end":{"line":11,"column":7}},"type":"if","locations":[{"start":{"line":9,"column":6},"end":{"line":11,"column":7}},{"start":{},"end":{}}],"line":9},"2":{"loc":{"start":{"line":12,"column":6},"end":{"line":14,"column":7}},"type":"if","locations":[{"start":{"line":12,"column":6},"end":{"line":14,"column":7}},{"start":{},"end":{}}],"line":12},"3":{"loc":{"start":{"line":17,"column":6},"end":{"line":19,"column":7}},"type":"if","locations":[{"start":{"line":17,"column":6},"end":{"line":19,"column":7}},{"start":{},"end":{}}],"line":17},"4":{"loc":{"start":{"line":20,"column":6},"end":{"line":22,"column":7}},"type":"if","locations":[{"start":{"line":20,"column":6},"end":{"line":22,"column":7}},{"start":{},"end":{}}],"line":20},"5":{"loc":{"start":{"line":23,"column":6},"end":{"line":25,"column":7}},"type":"if","locations":[{"start":{"line":23,"column":6},"end":{"line":25,"column":7}},{"start":{},"end":{}}],"line":23},"6":{"loc":{"start":{"line":28,"column":6},"end":{"line":30,"column":7}},"type":"if","locations":[{"start":{"line":28,"column":6},"end":{"line":30,"column":7}},{"start":{},"end":{}}],"line":28},"7":{"loc":{"start":{"line":33,"column":6},"end":{"line":35,"column":7}},"type":"if","locations":[{"start":{"line":33,"column":6},"end":{"line":35,"column":7}},{"start":{},"end":{}}],"line":33},"8":{"loc":{"start":{"line":44,"column":13},"end":{"line":44,"column":41}},"type":"binary-expr","locations":[{"start":{"line":44,"column":13},"end":{"line":44,"column":35}},{"start":{"line":44,"column":39},"end":{"line":44,"column":41}}],"line":44}},"s":{"0":0,"1":0,"2":0,"3":0,"4":0,"5":0,"6":0,"7":0,"8":0,"9":0,"10":0,"11":0,"12":0,"13":0,"14":0,"15":0,"16":0,"17":0,"18":0,"19":0,"20":0},"f":{"0":0,"1":0,"2":0,"3":0,"4":0},"b":{"0":[0],"1":[0,0],"2":[0,0],"3":[0,0],"4":[0,0],"5":[0,0],"6":[0,0],"7":[0,0],"8":[0,0]}}
,"C:\\Users\\Odafe\\Desktop\\tests\\src\\script.js": {"path":"C:\\Users\\Odafe\\Desktop\\tests\\src\\script.js","statementMap":{"0":{"start":{"line":4,"column":8},"end":{"line":12,"column":10}},"1":{"start":{"line":18,"column":8},"end":{"line":26,"column":9}},"2":{"start":{"line":20,"column":12},"end":{"line":20,"column":41}},"3":{"start":{"line":23,"column":12},"end":{"line":23,"column":72}},"4":{"start":{"line":25,"column":12},"end":{"line":25,"column":92}},"5":{"start":{"line":31,"column":27},"end":{"line":31,"column":99}},"6":{"start":{"line":31,"column":82},"end":{"line":31,"column":95}},"7":{"start":{"line":32,"column":30},"end":{"line":32,"column":93}},"8":{"start":{"line":32,"column":76},"end":{"line":32,"column":85}},"9":{"start":{"line":33,"column":8},"end":{"line":33,"column":79}},"10":{"start":{"line":38,"column":8},"end":{"line":38,"column":30}},"11":{"start":{"line":43,"column":30},"end":{"line":43,"column":57}},"12":{"start":{"line":46,"column":18},"end":{"line":46,"column":48}},"13":{"start":{"line":47,"column":19},"end":{"line":47,"column":51}},"14":{"start":{"line":48,"column":23},"end":{"line":48,"column":58}},"15":{"start":{"line":49,"column":24},"end":{"line":49,"column":67}},"16":{"start":{"line":50,"column":29},"end":{"line":50,"column":69}},"17":{"start":{"line":53,"column":0},"end":{"line":68,"column":3}},"18":{"start":{"line":54,"column":24},"end":{"line":54,"column":39}},"19":{"start":{"line":55,"column":24},"end":{"line":55,"column":52}},"20":{"start":{"line":57,"column":4},"end":{"line":60,"column":5}},"21":{"start":{"line":58,"column":8},"end":{"line":58,"column":61}},"22":{"start":{"line":59,"column":8},"end":{"line":59,"column":15}},"23":{"start":{"line":63,"column":4},"end":{"line":63,"column":61}},"24":{"start":{"line":66,"column":4},"end":{"line":66,"column":26}},"25":{"start":{"line":67,"column":4},"end":{"line":67,"column":92}},"26":{"start":{"line":71,"column":0},"end":{"line":74,"column":3}},"27":{"start":{"line":72,"column":26},"end":{"line":72,"column":66}},"28":{"start":{"line":73,"column":4},"end":{"line":73,"column":81}}},"fnMap":{"0":{"name":"(anonymous_0)","decl":{"start":{"line":3,"column":4},"end":{"line":3,"column":5}},"loc":{"start":{"line":3,"column":18},"end":{"line":13,"column":5}},"line":3},"1":{"name":"(anonymous_1)","decl":{"start":{"line":16,"column":4},"end":{"line":16,"column":5}},"loc":{"start":{"line":16,"column":26},"end":{"line":27,"column":5}},"line":16},"2":{"name":"(anonymous_2)","decl":{"start":{"line":30,"column":4},"end":{"line":30,"column":5}},"loc":{"start":{"line":30,"column":23},"end":{"line":34,"column":5}},"line":30},"3":{"name":"(anonymous_3)","decl":{"start":{"line":31,"column":64},"end":{"line":31,"column":65}},"loc":{"start":{"line":31,"column":82},"end":{"line":31,"column":95}},"line":31},"4":{"name":"(anonymous_4)","decl":{"start":{"line":32,"column":67},"end":{"line":32,"column":68}},"loc":{"start":{"line":32,"column":76},"end":{"line":32,"column":85}},"line":32},"5":{"name":"(anonymous_5)","decl":{"start":{"line":37,"column":4},"end":{"line":37,"column":5}},"loc":{"start":{"line":37,"column":19},"end":{"line":39,"column":5}},"line":37},"6":{"name":"(anonymous_6)","decl":{"start":{"line":53,"column":41},"end":{"line":53,"column":42}},"loc":{"start":{"line":53,"column":47},"end":{"line":68,"column":1}},"line":53},"7":{"name":"(anonymous_7)","decl":{"start":{"line":71,"column":42},"end":{"line":71,"column":43}},"loc":{"start":{"line":71,"column":48},"end":{"line":74,"column":1}},"line":71}},"branchMap":{"0":{"loc":{"start":{"line":18,"column":8},"end":{"line":26,"column":9}},"type":"if","locations":[{"start":{"line":18,"column":8},"end":{"line":26,"column":9}},{"start":{"line":21,"column":15},"end":{"line":26,"column":9}}],"line":18},"1":{"loc":{"start":{"line":18,"column":12},"end":{"line":18,"column":52}},"type":"binary-expr","locations":[{"start":{"line":18,"column":12},"end":{"line":18,"column":38}},{"start":{"line":18,"column":42},"end":{"line":18,"column":52}}],"line":18},"2":{"loc":{"start":{"line":33,"column":15},"end":{"line":33,"column":78}},"type":"cond-expr","locations":[{"start":{"line":33,"column":35},"end":{"line":33,"column":74}},{"start":{"line":33,"column":77},"end":{"line":33,"column":78}}],"line":33},"3":{"loc":{"start":{"line":57,"column":4},"end":{"line":60,"column":5}},"type":"if","locations":[{"start":{"line":57,"column":4},"end":{"line":60,"column":5}},{"start":{},"end":{}}],"line":57},"4":{"loc":{"start":{"line":57,"column":8},"end":{"line":57,"column":46}},"type":"binary-expr","locations":[{"start":{"line":57,"column":8},"end":{"line":57,"column":26}},{"start":{"line":57,"column":30},"end":{"line":57,"column":46}}],"line":57}},"s":{"0":0,"1":0,"2":0,"3":0,"4":0,"5":0,"6":0,"7":0,"8":0,"9":0,"10":0,"11":0,"12":0,"13":0,"14":0,"15":0,"16":0,"17":0,"18":0,"19":0,"20":0,"21":0,"22":0,"23":0,"24":0,"25":0,"26":0,"27":0,"28":0},"f":{"0":0,"1":0,"2":0,"3":0,"4":0,"5":0,"6":0,"7":0},"b":{"0":[0,0],"1":[0,0],"2":[0,0],"3":[0,0],"4":[0,0]}}
}
